{"level":"ERROR","location":"[get_call:143] fyersModel","message":{"API":"/history","Error":{"code":-300,"message":"Invalid symbol provided","s":"error"}},"timestamp":"2024-07-07 18:29:25,332+0530","service":"FyersAPI"}
{"level":"ERROR","location":"[post_call:86] fyersModel","message":{"API":"/orders/sync","Error":{"code":-50,"message":"limitPrice: Must be greater than or equal to 0.0025","s":"error"}},"timestamp":"2024-07-16 16:45:41,322+0530","service":"FyersAPI"}
{"level":"ERROR","location":"[get_call:152] fyersModel","message":{"API":"/quotes","error":"not a valid non-string sequence or mapping object"},"timestamp":"2024-07-16 16:51:01,721+0530","service":"FyersAPI"}
{"level":"ERROR","location":"[get_call:152] fyersModel","message":{"API":"/quotes","error":"not a valid non-string sequence or mapping object"},"timestamp":"2024-07-16 16:53:33,898+0530","service":"FyersAPI"}
{"level":"ERROR","location":"[post_call:86] fyersModel","message":{"API":"/orders/sync","Error":{"code":-50,"message":"validity must be one of the following: \"DAY\", \"IOC\"","s":"error"}},"timestamp":"2024-07-16 16:53:34,082+0530","service":"FyersAPI"}
{"level":"ERROR","location":"[get_call:152] fyersModel","message":{"API":"/quotes","error":"not a valid non-string sequence or mapping object"},"timestamp":"2024-07-16 16:55:07,508+0530","service":"FyersAPI"}
{"level":"ERROR","location":"[post_call:86] fyersModel","message":{"API":"/orders/sync","Error":{"code":-50,"message":"validity must be one of the following: \"DAY\", \"IOC\"","s":"error"}},"timestamp":"2024-07-16 16:55:07,690+0530","service":"FyersAPI"}
{"level":"ERROR","location":"[get_call:152] fyersModel","message":{"API":"/quotes","error":"not a valid non-string sequence or mapping object"},"timestamp":"2024-07-16 17:15:25,285+0530","service":"FyersAPI"}
{"level":"ERROR","location":"[post_call:86] fyersModel","message":{"API":"/orders/sync","Error":{"code":-50,"message":"The input symbol is invalid.","s":"error"}},"timestamp":"2024-07-16 17:15:25,472+0530","service":"FyersAPI"}
{"level":"ERROR","location":"[get_call:152] fyersModel","message":{"API":"/quotes","error":"not a valid non-string sequence or mapping object"},"timestamp":"2024-07-16 17:18:55,942+0530","service":"FyersAPI"}
{"level":"ERROR","location":"[post_call:86] fyersModel","message":{"API":"/orders/sync","Error":{"code":-50,"message":"The input symbol is invalid.","s":"error"}},"timestamp":"2024-07-16 17:18:56,104+0530","service":"FyersAPI"}
{"level":"ERROR","location":"[get_call:152] fyersModel","message":{"API":"/quotes","error":"not a valid non-string sequence or mapping object"},"timestamp":"2024-07-16 17:21:23,832+0530","service":"FyersAPI"}
{"level":"ERROR","location":"[post_call:86] fyersModel","message":{"API":"/orders/sync","Error":{"code":-50,"message":"validity must be one of the following: \"DAY\", \"IOC\"","s":"error"}},"timestamp":"2024-07-16 17:21:24,021+0530","service":"FyersAPI"}
{"level":"ERROR","location":"[get_call:152] fyersModel","message":{"API":"/quotes","error":"not a valid non-string sequence or mapping object"},"timestamp":"2024-07-16 17:22:35,168+0530","service":"FyersAPI"}
{"level":"ERROR","location":"[post_call:86] fyersModel","message":{"API":"/orders/sync","Error":{"code":-50,"message":"The input symbol is invalid.","s":"error"}},"timestamp":"2024-07-16 17:22:35,387+0530","service":"FyersAPI"}
{"level":"ERROR","location":"[get_call:152] fyersModel","message":{"API":"/quotes","error":"not a valid non-string sequence or mapping object"},"timestamp":"2024-07-16 17:23:34,380+0530","service":"FyersAPI"}
{"level":"ERROR","location":"[post_call:86] fyersModel","message":{"API":"/orders/sync","Error":{"code":-50,"message":"The input symbol is invalid.","s":"error"}},"timestamp":"2024-07-16 17:23:34,568+0530","service":"FyersAPI"}
{"level":"ERROR","location":"[get_call:152] fyersModel","message":{"API":"/quotes","error":"not a valid non-string sequence or mapping object"},"timestamp":"2024-07-16 17:28:46,177+0530","service":"FyersAPI"}
{"level":"ERROR","location":"[post_call:86] fyersModel","message":{"API":"/orders/sync","Error":{"code":-50,"message":"LimitPrice not a multiple of tick size 0.0100","s":"error"}},"timestamp":"2024-07-16 17:28:46,384+0530","service":"FyersAPI"}
{"level":"ERROR","location":"[get_call:143] fyersModel","message":{"API":"/history","Error":{"code":-16,"message":"Could not authenticate the user","s":"error"}},"timestamp":"2024-07-21 23:10:30,699+0530","service":"FyersAPI"}
{"level":"ERROR","location":"[get_call:143] fyersModel","message":{"API":"/history","Error":{"code":-16,"message":"Could not authenticate the user","s":"error"}},"timestamp":"2024-07-21 23:10:31,083+0530","service":"FyersAPI"}
{"level":"ERROR","location":"[get_call:143] fyersModel","message":{"API":"/history","Error":{"code":-16,"message":"Could not authenticate the user","s":"error"}},"timestamp":"2024-07-21 23:10:31,416+0530","service":"FyersAPI"}
{"level":"ERROR","location":"[get_call:143] fyersModel","message":{"API":"/history","Error":{"code":-16,"message":"Could not authenticate the user","s":"error"}},"timestamp":"2024-07-21 23:10:31,786+0530","service":"FyersAPI"}
